<?xml version="1.0" encoding="UTF-8" ?>
<testsuite failures="2" time="18.932" errors="0" skipped="0" tests="5" name="TestSuite">
  <properties>
[...]
</properties>
  <testcase time="0.43" classname="com.nexia.selenium.testscripts.section.templateSetup.daySheetTemplate.VerifyCancelInDaySheetTemplate" name="verifyCancelInDaySheetTemplate"/>
  <testcase time="7.353" classname="com.nexia.selenium.testscripts.section.templateSetup.daySheetTemplate.EditDaySheetTemplate" name="editDaySheetTemplate">
    <failure message="Failed Due to the Exception; 
	*) ExceptionDetails :Could not contact Selenium Server; have you started it?
Connection refused: connect
	*) expected:&lt;true&gt; but was:&lt;false&gt;" type="java.lang.AssertionError">java.lang.AssertionError: Failed Due to the Exception; 
	*) ExceptionDetails :Could not contact Selenium Server; have you started it?
Connection refused: connect
	*) expected:&lt;true&gt; but was:&lt;false&gt;
	at org.testng.Assert.fail(Assert.java:89)
	at com.sharedlibrary.AbstractTest.fail(AbstractTest.java:2159)
	at com.sharedlibrary.AbstractTest.failNotEquals(AbstractTest.java:2155)
	at com.sharedlibrary.AbstractTest.assertTrue(AbstractTest.java:2067)
	at com.nexia.selenium.testscripts.section.templateSetup.daySheetTemplate.EditDaySheetTemplate.daySheetTemplate(EditDaySheetTemplate.java:94)
	at com.nexia.selenium.testscripts.section.templateSetup.daySheetTemplate.EditDaySheetTemplate.editDaySheetTemplate(EditDaySheetTemplate.java:23)
</failure>
  </testcase>
  <testcase time="0.008" classname="com.nexia.selenium.testscripts.section.templateSetup.daySheetTemplate.VerifyCancelInPrintCalendarReport" name="verifyCancelInPrintCalendarReport"/>
  <testcase time="9.051" classname="com.nexia.selenium.testscripts.section.templateSetup.daySheetTemplate.DeleteDaySheetTemplate" name="deleteDaySheetTemplate">
    <failure message="Failed Due to the Exception; 
	*) ExceptionDetails :Could not contact Selenium Server; have you started it?
Connection refused: connect
	*) expected:&lt;true&gt; but was:&lt;false&gt;" type="java.lang.AssertionError">java.lang.AssertionError: Failed Due to the Exception; 
	*) ExceptionDetails :Could not contact Selenium Server; have you started it?
Connection refused: connect
	*) expected:&lt;true&gt; but was:&lt;false&gt;
	at org.testng.Assert.fail(Assert.java:89)
	at com.sharedlibrary.AbstractTest.fail(AbstractTest.java:2159)
	at com.sharedlibrary.AbstractTest.failNotEquals(AbstractTest.java:2155)
	at com.sharedlibrary.AbstractTest.assertTrue(AbstractTest.java:2067)
	at com.nexia.selenium.testscripts.section.templateSetup.daySheetTemplate.DeleteDaySheetTemplate.daySheetTemplate(DeleteDaySheetTemplate.java:70)
	at com.nexia.selenium.testscripts.section.templateSetup.daySheetTemplate.DeleteDaySheetTemplate.deleteDaySheetTemplate(DeleteDaySheetTemplate.java:24)
</failure>
  </testcase>
  <testcase time="0.006" classname="com.nexia.selenium.testscripts.section.templateSetup.daySheetTemplate.AddDaySheetTemplate" name="addDaySheetTemplate"/>
</testsuite>