<testng-results>
  <reporter-output>
  </reporter-output>
  <suite name="Medrium Selenium Automated QA Test" duration-ms="16889" started-at="2014-04-23T15:36:33Z" finished-at="2014-04-23T15:36:50Z">
    <groups>
      <group name="iexplore">
        <method signature="com.nexia.selenium.testscripts.section.templateSetup.daySheetTemplate.AddDaySheetTemplate.addDaySheetTemplate(java.lang.String, int, java.lang.String, java.lang.String, java.lang.String)" name="addDaySheetTemplate" class="com.nexia.selenium.testscripts.section.templateSetup.daySheetTemplate.AddDaySheetTemplate"/>
        <method signature="com.nexia.selenium.testscripts.section.templateSetup.daySheetTemplate.DeleteDaySheetTemplate.deleteDaySheetTemplate(java.lang.String, int, java.lang.String, java.lang.String, java.lang.String)" name="deleteDaySheetTemplate" class="com.nexia.selenium.testscripts.section.templateSetup.daySheetTemplate.DeleteDaySheetTemplate"/>
        <method signature="com.nexia.selenium.testscripts.section.templateSetup.daySheetTemplate.EditDaySheetTemplate.editDaySheetTemplate(java.lang.String, int, java.lang.String, java.lang.String, java.lang.String)" name="editDaySheetTemplate" class="com.nexia.selenium.testscripts.section.templateSetup.daySheetTemplate.EditDaySheetTemplate"/>
        <method signature="com.nexia.selenium.testscripts.section.templateSetup.daySheetTemplate.VerifyCancelInDaySheetTemplate.verifyCancelInDaySheetTemplate(java.lang.String, int, java.lang.String, java.lang.String, java.lang.String)" name="verifyCancelInDaySheetTemplate" class="com.nexia.selenium.testscripts.section.templateSetup.daySheetTemplate.VerifyCancelInDaySheetTemplate"/>
        <method signature="com.nexia.selenium.testscripts.section.templateSetup.daySheetTemplate.VerifyCancelInPrintCalendarReport.verifyCancelInPrintCalendarReport(java.lang.String, int, java.lang.String, java.lang.String, java.lang.String)" name="verifyCancelInPrintCalendarReport" class="com.nexia.selenium.testscripts.section.templateSetup.daySheetTemplate.VerifyCancelInPrintCalendarReport"/>
      </group>
      <group name="firefox">
        <method signature="com.nexia.selenium.testscripts.section.templateSetup.daySheetTemplate.AddDaySheetTemplate.addDaySheetTemplate(java.lang.String, int, java.lang.String, java.lang.String, java.lang.String)" name="addDaySheetTemplate" class="com.nexia.selenium.testscripts.section.templateSetup.daySheetTemplate.AddDaySheetTemplate"/>
        <method signature="com.nexia.selenium.testscripts.section.templateSetup.daySheetTemplate.DeleteDaySheetTemplate.deleteDaySheetTemplate(java.lang.String, int, java.lang.String, java.lang.String, java.lang.String)" name="deleteDaySheetTemplate" class="com.nexia.selenium.testscripts.section.templateSetup.daySheetTemplate.DeleteDaySheetTemplate"/>
        <method signature="com.nexia.selenium.testscripts.section.templateSetup.daySheetTemplate.EditDaySheetTemplate.editDaySheetTemplate(java.lang.String, int, java.lang.String, java.lang.String, java.lang.String)" name="editDaySheetTemplate" class="com.nexia.selenium.testscripts.section.templateSetup.daySheetTemplate.EditDaySheetTemplate"/>
        <method signature="com.nexia.selenium.testscripts.section.templateSetup.daySheetTemplate.VerifyCancelInDaySheetTemplate.verifyCancelInDaySheetTemplate(java.lang.String, int, java.lang.String, java.lang.String, java.lang.String)" name="verifyCancelInDaySheetTemplate" class="com.nexia.selenium.testscripts.section.templateSetup.daySheetTemplate.VerifyCancelInDaySheetTemplate"/>
        <method signature="com.nexia.selenium.testscripts.section.templateSetup.daySheetTemplate.VerifyCancelInPrintCalendarReport.verifyCancelInPrintCalendarReport(java.lang.String, int, java.lang.String, java.lang.String, java.lang.String)" name="verifyCancelInPrintCalendarReport" class="com.nexia.selenium.testscripts.section.templateSetup.daySheetTemplate.VerifyCancelInPrintCalendarReport"/>
      </group>
      <group name="AdvancedSmokeUS">
        <method signature="com.nexia.selenium.testscripts.section.templateSetup.daySheetTemplate.AddDaySheetTemplate.addDaySheetTemplate(java.lang.String, int, java.lang.String, java.lang.String, java.lang.String)" name="addDaySheetTemplate" class="com.nexia.selenium.testscripts.section.templateSetup.daySheetTemplate.AddDaySheetTemplate"/>
      </group>
      <group name="safari">
        <method signature="com.nexia.selenium.testscripts.section.templateSetup.daySheetTemplate.AddDaySheetTemplate.addDaySheetTemplate(java.lang.String, int, java.lang.String, java.lang.String, java.lang.String)" name="addDaySheetTemplate" class="com.nexia.selenium.testscripts.section.templateSetup.daySheetTemplate.AddDaySheetTemplate"/>
        <method signature="com.nexia.selenium.testscripts.section.templateSetup.daySheetTemplate.DeleteDaySheetTemplate.deleteDaySheetTemplate(java.lang.String, int, java.lang.String, java.lang.String, java.lang.String)" name="deleteDaySheetTemplate" class="com.nexia.selenium.testscripts.section.templateSetup.daySheetTemplate.DeleteDaySheetTemplate"/>
        <method signature="com.nexia.selenium.testscripts.section.templateSetup.daySheetTemplate.EditDaySheetTemplate.editDaySheetTemplate(java.lang.String, int, java.lang.String, java.lang.String, java.lang.String)" name="editDaySheetTemplate" class="com.nexia.selenium.testscripts.section.templateSetup.daySheetTemplate.EditDaySheetTemplate"/>
        <method signature="com.nexia.selenium.testscripts.section.templateSetup.daySheetTemplate.VerifyCancelInDaySheetTemplate.verifyCancelInDaySheetTemplate(java.lang.String, int, java.lang.String, java.lang.String, java.lang.String)" name="verifyCancelInDaySheetTemplate" class="com.nexia.selenium.testscripts.section.templateSetup.daySheetTemplate.VerifyCancelInDaySheetTemplate"/>
        <method signature="com.nexia.selenium.testscripts.section.templateSetup.daySheetTemplate.VerifyCancelInPrintCalendarReport.verifyCancelInPrintCalendarReport(java.lang.String, int, java.lang.String, java.lang.String, java.lang.String)" name="verifyCancelInPrintCalendarReport" class="com.nexia.selenium.testscripts.section.templateSetup.daySheetTemplate.VerifyCancelInPrintCalendarReport"/>
      </group>
      <group name="Approved">
        <method signature="com.nexia.selenium.testscripts.section.templateSetup.daySheetTemplate.AddDaySheetTemplate.addDaySheetTemplate(java.lang.String, int, java.lang.String, java.lang.String, java.lang.String)" name="addDaySheetTemplate" class="com.nexia.selenium.testscripts.section.templateSetup.daySheetTemplate.AddDaySheetTemplate"/>
        <method signature="com.nexia.selenium.testscripts.section.templateSetup.daySheetTemplate.DeleteDaySheetTemplate.deleteDaySheetTemplate(java.lang.String, int, java.lang.String, java.lang.String, java.lang.String)" name="deleteDaySheetTemplate" class="com.nexia.selenium.testscripts.section.templateSetup.daySheetTemplate.DeleteDaySheetTemplate"/>
        <method signature="com.nexia.selenium.testscripts.section.templateSetup.daySheetTemplate.EditDaySheetTemplate.editDaySheetTemplate(java.lang.String, int, java.lang.String, java.lang.String, java.lang.String)" name="editDaySheetTemplate" class="com.nexia.selenium.testscripts.section.templateSetup.daySheetTemplate.EditDaySheetTemplate"/>
        <method signature="com.nexia.selenium.testscripts.section.templateSetup.daySheetTemplate.VerifyCancelInDaySheetTemplate.verifyCancelInDaySheetTemplate(java.lang.String, int, java.lang.String, java.lang.String, java.lang.String)" name="verifyCancelInDaySheetTemplate" class="com.nexia.selenium.testscripts.section.templateSetup.daySheetTemplate.VerifyCancelInDaySheetTemplate"/>
        <method signature="com.nexia.selenium.testscripts.section.templateSetup.daySheetTemplate.VerifyCancelInPrintCalendarReport.verifyCancelInPrintCalendarReport(java.lang.String, int, java.lang.String, java.lang.String, java.lang.String)" name="verifyCancelInPrintCalendarReport" class="com.nexia.selenium.testscripts.section.templateSetup.daySheetTemplate.VerifyCancelInPrintCalendarReport"/>
      </group>
      <group name="AdvancedSmoke">
        <method signature="com.nexia.selenium.testscripts.section.templateSetup.daySheetTemplate.DeleteDaySheetTemplate.deleteDaySheetTemplate(java.lang.String, int, java.lang.String, java.lang.String, java.lang.String)" name="deleteDaySheetTemplate" class="com.nexia.selenium.testscripts.section.templateSetup.daySheetTemplate.DeleteDaySheetTemplate"/>
        <method signature="com.nexia.selenium.testscripts.section.templateSetup.daySheetTemplate.EditDaySheetTemplate.editDaySheetTemplate(java.lang.String, int, java.lang.String, java.lang.String, java.lang.String)" name="editDaySheetTemplate" class="com.nexia.selenium.testscripts.section.templateSetup.daySheetTemplate.EditDaySheetTemplate"/>
        <method signature="com.nexia.selenium.testscripts.section.templateSetup.daySheetTemplate.VerifyCancelInDaySheetTemplate.verifyCancelInDaySheetTemplate(java.lang.String, int, java.lang.String, java.lang.String, java.lang.String)" name="verifyCancelInDaySheetTemplate" class="com.nexia.selenium.testscripts.section.templateSetup.daySheetTemplate.VerifyCancelInDaySheetTemplate"/>
        <method signature="com.nexia.selenium.testscripts.section.templateSetup.daySheetTemplate.VerifyCancelInPrintCalendarReport.verifyCancelInPrintCalendarReport(java.lang.String, int, java.lang.String, java.lang.String, java.lang.String)" name="verifyCancelInPrintCalendarReport" class="com.nexia.selenium.testscripts.section.templateSetup.daySheetTemplate.VerifyCancelInPrintCalendarReport"/>
      </group>
    </groups>
    <test name="MacTest" duration-ms="16889" started-at="2014-04-23T15:36:33Z" finished-at="2014-04-23T15:36:50Z">
      <class name="com.nexia.selenium.testscripts.section.templateSetup.daySheetTemplate.DeleteDaySheetTemplate">
        <test-method status="FAIL" signature="deleteDaySheetTemplate(java.lang.String, int, java.lang.String, java.lang.String, java.lang.String)" name="deleteDaySheetTemplate" duration-ms="9045" started-at="2014-04-23T15:36:41Z" description="Test for Verify delete day sheet template " finished-at="2014-04-23T15:36:50Z">
          <params>
            <param index="0">
              <value>
                <![CDATA[localhost]]>
              </value>
            </param>
            <param index="1">
              <value>
                <![CDATA[4444]]>
              </value>
            </param>
            <param index="2">
              <value>
                <![CDATA[*firefox]]>
              </value>
            </param>
            <param index="3">
              <value>
                <![CDATA[https://108.161.43.79:8443/]]>
              </value>
            </param>
            <param index="4">
              <value>
                <![CDATA[US2000]]>
              </value>
            </param>
          </params>
          <exception class="java.lang.AssertionError">
            <message>
              <![CDATA[Failed Due to the Exception; 
	*) ExceptionDetails :Could not contact Selenium Server; have you started it?
Connection refused: connect
	*) expected:<true> but was:<false>]]>
            </message>
            <full-stacktrace>
              <![CDATA[java.lang.AssertionError: Failed Due to the Exception; 
	*) ExceptionDetails :Could not contact Selenium Server; have you started it?
Connection refused: connect
	*) expected:<true> but was:<false>
	at org.testng.Assert.fail(Assert.java:89)
	at com.sharedlibrary.AbstractTest.fail(AbstractTest.java:2159)
	at com.sharedlibrary.AbstractTest.failNotEquals(AbstractTest.java:2155)
	at com.sharedlibrary.AbstractTest.assertTrue(AbstractTest.java:2067)
	at com.nexia.selenium.testscripts.section.templateSetup.daySheetTemplate.DeleteDaySheetTemplate.daySheetTemplate(DeleteDaySheetTemplate.java:70)
	at com.nexia.selenium.testscripts.section.templateSetup.daySheetTemplate.DeleteDaySheetTemplate.deleteDaySheetTemplate(DeleteDaySheetTemplate.java:24)
	at sun.reflect.NativeMethodAccessorImpl.invoke0(Native Method)
	at sun.reflect.NativeMethodAccessorImpl.invoke(NativeMethodAccessorImpl.java:57)
	at sun.reflect.DelegatingMethodAccessorImpl.invoke(DelegatingMethodAccessorImpl.java:43)
	at java.lang.reflect.Method.invoke(Method.java:601)
	at org.testng.internal.MethodHelper.invokeMethod(MethodHelper.java:640)
	at org.testng.internal.Invoker.invokeMethod(Invoker.java:627)
	at org.testng.internal.Invoker.invokeTestMethod(Invoker.java:799)
	at org.testng.internal.Invoker.invokeTestMethods(Invoker.java:1103)
	at org.testng.internal.TestMethodWorker.invokeTestMethods(TestMethodWorker.java:137)
	at org.testng.internal.TestMethodWorker.run(TestMethodWorker.java:121)
	at java.util.concurrent.ThreadPoolExecutor.runWorker(ThreadPoolExecutor.java:1110)
	at java.util.concurrent.ThreadPoolExecutor$Worker.run(ThreadPoolExecutor.java:603)
	at java.lang.Thread.run(Thread.java:722)
]]>
            </full-stacktrace>
          </exception>
        </test-method>
      </class>
      <class name="com.nexia.selenium.testscripts.section.templateSetup.daySheetTemplate.EditDaySheetTemplate">
        <test-method status="FAIL" signature="editDaySheetTemplate(java.lang.String, int, java.lang.String, java.lang.String, java.lang.String)" name="editDaySheetTemplate" duration-ms="7351" started-at="2014-04-23T15:36:33Z" description="Test for Verify edit day sheet template " finished-at="2014-04-23T15:36:41Z">
          <params>
            <param index="0">
              <value>
                <![CDATA[localhost]]>
              </value>
            </param>
            <param index="1">
              <value>
                <![CDATA[4444]]>
              </value>
            </param>
            <param index="2">
              <value>
                <![CDATA[*firefox]]>
              </value>
            </param>
            <param index="3">
              <value>
                <![CDATA[https://108.161.43.79:8443/]]>
              </value>
            </param>
            <param index="4">
              <value>
                <![CDATA[US2000]]>
              </value>
            </param>
          </params>
          <exception class="java.lang.AssertionError">
            <message>
              <![CDATA[Failed Due to the Exception; 
	*) ExceptionDetails :Could not contact Selenium Server; have you started it?
Connection refused: connect
	*) expected:<true> but was:<false>]]>
            </message>
            <full-stacktrace>
              <![CDATA[java.lang.AssertionError: Failed Due to the Exception; 
	*) ExceptionDetails :Could not contact Selenium Server; have you started it?
Connection refused: connect
	*) expected:<true> but was:<false>
	at org.testng.Assert.fail(Assert.java:89)
	at com.sharedlibrary.AbstractTest.fail(AbstractTest.java:2159)
	at com.sharedlibrary.AbstractTest.failNotEquals(AbstractTest.java:2155)
	at com.sharedlibrary.AbstractTest.assertTrue(AbstractTest.java:2067)
	at com.nexia.selenium.testscripts.section.templateSetup.daySheetTemplate.EditDaySheetTemplate.daySheetTemplate(EditDaySheetTemplate.java:94)
	at com.nexia.selenium.testscripts.section.templateSetup.daySheetTemplate.EditDaySheetTemplate.editDaySheetTemplate(EditDaySheetTemplate.java:23)
	at sun.reflect.NativeMethodAccessorImpl.invoke0(Native Method)
	at sun.reflect.NativeMethodAccessorImpl.invoke(NativeMethodAccessorImpl.java:57)
	at sun.reflect.DelegatingMethodAccessorImpl.invoke(DelegatingMethodAccessorImpl.java:43)
	at java.lang.reflect.Method.invoke(Method.java:601)
	at org.testng.internal.MethodHelper.invokeMethod(MethodHelper.java:640)
	at org.testng.internal.Invoker.invokeMethod(Invoker.java:627)
	at org.testng.internal.Invoker.invokeTestMethod(Invoker.java:799)
	at org.testng.internal.Invoker.invokeTestMethods(Invoker.java:1103)
	at org.testng.internal.TestMethodWorker.invokeTestMethods(TestMethodWorker.java:137)
	at org.testng.internal.TestMethodWorker.run(TestMethodWorker.java:121)
	at java.util.concurrent.ThreadPoolExecutor.runWorker(ThreadPoolExecutor.java:1110)
	at java.util.concurrent.ThreadPoolExecutor$Worker.run(ThreadPoolExecutor.java:603)
	at java.lang.Thread.run(Thread.java:722)
]]>
            </full-stacktrace>
          </exception>
        </test-method>
        <test-method status="PASS" signature="closeSessions()" name="closeSessions" is-config="true" duration-ms="0" started-at="2014-04-23T15:36:50Z" finished-at="2014-04-23T15:36:50Z">
        </test-method>
      </class>
      <class name="com.nexia.selenium.testscripts.section.templateSetup.daySheetTemplate.AddDaySheetTemplate">
        <test-method status="PASS" signature="addDaySheetTemplate(java.lang.String, int, java.lang.String, java.lang.String, java.lang.String)" name="addDaySheetTemplate" duration-ms="6" started-at="2014-04-23T15:36:50Z" description="Test for Verify Add day sheet template " finished-at="2014-04-23T15:36:50Z">
          <params>
            <param index="0">
              <value>
                <![CDATA[localhost]]>
              </value>
            </param>
            <param index="1">
              <value>
                <![CDATA[4444]]>
              </value>
            </param>
            <param index="2">
              <value>
                <![CDATA[*firefox]]>
              </value>
            </param>
            <param index="3">
              <value>
                <![CDATA[https://108.161.43.79:8443/]]>
              </value>
            </param>
            <param index="4">
              <value>
                <![CDATA[US2000]]>
              </value>
            </param>
          </params>
        </test-method>
      </class>
      <class name="com.nexia.selenium.testscripts.section.templateSetup.daySheetTemplate.VerifyCancelInDaySheetTemplate">
        <test-method status="PASS" signature="verifyCancelInDaySheetTemplate(java.lang.String, int, java.lang.String, java.lang.String, java.lang.String)" name="verifyCancelInDaySheetTemplate" duration-ms="430" started-at="2014-04-23T15:36:33Z" description="Test for Verify cancel in day sheet template " finished-at="2014-04-23T15:36:33Z">
          <params>
            <param index="0">
              <value>
                <![CDATA[localhost]]>
              </value>
            </param>
            <param index="1">
              <value>
                <![CDATA[4444]]>
              </value>
            </param>
            <param index="2">
              <value>
                <![CDATA[*firefox]]>
              </value>
            </param>
            <param index="3">
              <value>
                <![CDATA[https://108.161.43.79:8443/]]>
              </value>
            </param>
            <param index="4">
              <value>
                <![CDATA[US2000]]>
              </value>
            </param>
          </params>
        </test-method>
      </class>
      <class name="com.nexia.selenium.testscripts.section.templateSetup.daySheetTemplate.VerifyCancelInPrintCalendarReport">
        <test-method status="PASS" signature="verifyCancelInPrintCalendarReport(java.lang.String, int, java.lang.String, java.lang.String, java.lang.String)" name="verifyCancelInPrintCalendarReport" duration-ms="8" started-at="2014-04-23T15:36:41Z" description="Test for Verify &#039;cancel&#039; in print calendar report" finished-at="2014-04-23T15:36:41Z">
          <params>
            <param index="0">
              <value>
                <![CDATA[localhost]]>
              </value>
            </param>
            <param index="1">
              <value>
                <![CDATA[4444]]>
              </value>
            </param>
            <param index="2">
              <value>
                <![CDATA[*firefox]]>
              </value>
            </param>
            <param index="3">
              <value>
                <![CDATA[https://108.161.43.79:8443/]]>
              </value>
            </param>
            <param index="4">
              <value>
                <![CDATA[US2000]]>
              </value>
            </param>
          </params>
        </test-method>
      </class>
    </test>
  </suite>
</testng-results>
