-------------------------------------------------------------------------------
Test set: TestSuite
-------------------------------------------------------------------------------
Tests run: 5, Failures: 2, Errors: 0, Skipped: 0, Time elapsed: 18.932 sec <<< FAILURE!
editDaySheetTemplate(com.nexia.selenium.testscripts.section.templateSetup.daySheetTemplate.EditDaySheetTemplate)  Time elapsed: 7.353 sec  <<< FAILURE!
java.lang.AssertionError: Failed Due to the Exception; 
	*) ExceptionDetails :Could not contact Selenium Server; have you started it?
Connection refused: connect
	*) expected:<true> but was:<false>
	at org.testng.Assert.fail(Assert.java:89)
	at com.sharedlibrary.AbstractTest.fail(AbstractTest.java:2159)
	at com.sharedlibrary.AbstractTest.failNotEquals(AbstractTest.java:2155)
	at com.sharedlibrary.AbstractTest.assertTrue(AbstractTest.java:2067)
	at com.nexia.selenium.testscripts.section.templateSetup.daySheetTemplate.EditDaySheetTemplate.daySheetTemplate(EditDaySheetTemplate.java:94)
	at com.nexia.selenium.testscripts.section.templateSetup.daySheetTemplate.EditDaySheetTemplate.editDaySheetTemplate(EditDaySheetTemplate.java:23)

deleteDaySheetTemplate(com.nexia.selenium.testscripts.section.templateSetup.daySheetTemplate.DeleteDaySheetTemplate)  Time elapsed: 9.045 sec  <<< FAILURE!
java.lang.AssertionError: Failed Due to the Exception; 
	*) ExceptionDetails :Could not contact Selenium Server; have you started it?
Connection refused: connect
	*) expected:<true> but was:<false>
	at org.testng.Assert.fail(Assert.java:89)
	at com.sharedlibrary.AbstractTest.fail(AbstractTest.java:2159)
	at com.sharedlibrary.AbstractTest.failNotEquals(AbstractTest.java:2155)
	at com.sharedlibrary.AbstractTest.assertTrue(AbstractTest.java:2067)
	at com.nexia.selenium.testscripts.section.templateSetup.daySheetTemplate.DeleteDaySheetTemplate.daySheetTemplate(DeleteDaySheetTemplate.java:70)
	at com.nexia.selenium.testscripts.section.templateSetup.daySheetTemplate.DeleteDaySheetTemplate.deleteDaySheetTemplate(DeleteDaySheetTemplate.java:24)

