<?xml version="1.0" encoding="UTF-8"?>
<testng-results skipped="0" failed="0" total="1" passed="1">
  <reporter-output>
  </reporter-output>
  <suite name="Default suite" duration-ms="31147" started-at="2014-10-11T10:05:34Z" finished-at="2014-10-11T10:06:05Z">
    <groups>
    </groups>
    <test name="Default test" duration-ms="31147" started-at="2014-10-11T10:05:34Z" finished-at="2014-10-11T10:06:05Z">
      <class name="com.projectName.test.functional.moduleName1.HomePageTest">
        <test-method status="PASS" signature="genericSetUp()[pri:0, instance:com.projectName.test.functional.moduleName1.HomePageTest@1480d96]" name="genericSetUp" is-config="true" duration-ms="10108" started-at="2014-10-11T15:35:34Z" finished-at="2014-10-11T15:35:44Z">
          <reporter-output>
          </reporter-output>
        </test-method> <!-- genericSetUp -->
        <test-method status="PASS" signature="homePageTest()[pri:0, instance:com.projectName.test.functional.moduleName1.HomePageTest@1480d96]" name="homePageTest" duration-ms="20789" started-at="2014-10-11T15:35:44Z" finished-at="2014-10-11T15:36:05Z">
          <reporter-output>
          </reporter-output>
        </test-method> <!-- homePageTest -->
        <test-method status="PASS" signature="tearDown(org.testng.ITestResult)[pri:0, instance:com.projectName.test.functional.moduleName1.HomePageTest@1480d96]" name="tearDown" is-config="true" duration-ms="239" started-at="2014-10-11T15:36:05Z" finished-at="2014-10-11T15:36:05Z">
          <params>
            <param index="0">
              <value>
                <![CDATA[[TestResult name=homePageTest status=SUCCESS method=HomePageTest.homePageTest()[pri:0, instance:com.projectName.test.functional.moduleName1.HomePageTest@1480d96] output={null}]]]>
              </value>
            </param>
          </params>
          <reporter-output>
          </reporter-output>
        </test-method> <!-- tearDown -->
      </class> <!-- com.projectName.test.functional.moduleName1.HomePageTest -->
    </test> <!-- Default test -->
  </suite> <!-- Default suite -->
</testng-results>
